<?xml version="1.0" encoding="UTF-8"?>
<!-- Generated by org.testng.reporters.JUnitReportReporter -->
<testsuite hostname="Patel" failures="0" tests="5" name="com.crm.qa.testcases.HomePageTest" time="92.550" errors="0" timestamp="26 Apr. 2023 18:30:52 GMT" skipped="0">
  <testcase classname="com.crm.qa.testcases.HomePageTest" name="VerifyHomePageTitle" time="17.879"/>
  <testcase classname="com.crm.qa.testcases.HomePageTest" name="VerifyUserNameTest" time="17.018"/>
  <testcase classname="com.crm.qa.testcases.HomePageTest" name="VerifyContactsLinkTest" time="19.559"/>
  <testcase classname="com.crm.qa.testcases.HomePageTest" name="VerifyDealsLinkTest" time="19.478"/>
  <testcase classname="com.crm.qa.testcases.HomePageTest" name="VerifyTasksLinkTest" time="18.616"/>
</testsuite> <!-- com.crm.qa.testcases.HomePageTest -->
