<?xml version="1.0" encoding="UTF-8"?>
<!-- Generated by org.testng.reporters.JUnitReportReporter -->
<testsuite hostname="Patel" failures="0" tests="5" name="com.crm.qa.testcases.LoginPageTest" time="49.137" errors="0" timestamp="26 Apr. 2023 18:30:52 GMT" skipped="0">
  <testcase classname="com.crm.qa.testcases.LoginPageTest" name="loginPageTitleTest" time="7.998"/>
  <testcase classname="com.crm.qa.testcases.LoginPageTest" name="CrmLogoImageTest" time="8.683"/>
  <testcase classname="com.crm.qa.testcases.LoginPageTest" name="loginTest" time="17.670"/>
  <testcase classname="com.crm.qa.testcases.LoginPageTest" name="signUpButtonTest" time="7.194"/>
  <testcase classname="com.crm.qa.testcases.LoginPageTest" name="PriceButtonTest" time="7.592"/>
</testsuite> <!-- com.crm.qa.testcases.LoginPageTest -->
